{"C:\\Users\\gilma\\OneDrive\\Documentos\\ERICAS DOCS\\IMERSAO JS\\on25-ijs-test-drive-development-1\\atividades\\para-sala\\conversorTemp.js": {"path":"C:\\Users\\gilma\\OneDrive\\Documentos\\ERICAS DOCS\\IMERSAO JS\\on25-ijs-test-drive-development-1\\atividades\\para-sala\\conversorTemp.js","statementMap":{"0":{"start":{"line":2,"column":23},"end":{"line":2,"column":47}},"1":{"start":{"line":4,"column":4},"end":{"line":4,"column":23}},"2":{"start":{"line":7,"column":0},"end":{"line":7,"column":43}}},"fnMap":{"0":{"name":"convertCelsiusToFahrenheit","decl":{"start":{"line":1,"column":9},"end":{"line":1,"column":35}},"loc":{"start":{"line":1,"column":48},"end":{"line":5,"column":1}},"line":1}},"branchMap":{},"s":{"0":1,"1":1,"2":1},"f":{"0":1},"b":{},"_coverageSchema":"1a1c01bbd47fc00a2c39e90264f33305004495a9","hash":"d1bbe13ebfb203ee7ff4acf31b8df1f781543922"}
,"C:\\Users\\gilma\\OneDrive\\Documentos\\ERICAS DOCS\\IMERSAO JS\\on25-ijs-test-drive-development-1\\atividades\\para-sala\\jokenpo.js": {"path":"C:\\Users\\gilma\\OneDrive\\Documentos\\ERICAS DOCS\\IMERSAO JS\\on25-ijs-test-drive-development-1\\atividades\\para-sala\\jokenpo.js","statementMap":{"0":{"start":{"line":3,"column":4},"end":{"line":5,"column":5}},"1":{"start":{"line":4,"column":8},"end":{"line":4,"column":25}},"2":{"start":{"line":7,"column":4},"end":{"line":11,"column":4}},"3":{"start":{"line":10,"column":6},"end":{"line":10,"column":33}},"4":{"start":{"line":13,"column":3},"end":{"line":13,"column":30}},"5":{"start":{"line":16,"column":0},"end":{"line":16,"column":24}}},"fnMap":{"0":{"name":"jokenpo","decl":{"start":{"line":1,"column":9},"end":{"line":1,"column":16}},"loc":{"start":{"line":1,"column":34},"end":{"line":14,"column":1}},"line":1}},"branchMap":{"0":{"loc":{"start":{"line":3,"column":4},"end":{"line":5,"column":5}},"type":"if","locations":[{"start":{"line":3,"column":4},"end":{"line":5,"column":5}},{"start":{},"end":{}}],"line":3},"1":{"loc":{"start":{"line":7,"column":4},"end":{"line":11,"column":4}},"type":"if","locations":[{"start":{"line":7,"column":4},"end":{"line":11,"column":4}},{"start":{},"end":{}}],"line":7},"2":{"loc":{"start":{"line":7,"column":8},"end":{"line":9,"column":57}},"type":"binary-expr","locations":[{"start":{"line":7,"column":9},"end":{"line":7,"column":28}},{"start":{"line":7,"column":32},"end":{"line":7,"column":51}},{"start":{"line":8,"column":12},"end":{"line":8,"column":31}},{"start":{"line":8,"column":35},"end":{"line":8,"column":56}},{"start":{"line":9,"column":12},"end":{"line":9,"column":33}},{"start":{"line":9,"column":37},"end":{"line":9,"column":56}}],"line":7}},"s":{"0":7,"1":1,"2":6,"3":3,"4":3,"5":1},"f":{"0":7},"b":{"0":[1,6],"1":[3,3],"2":[6,2,5,2,4,2]},"_coverageSchema":"1a1c01bbd47fc00a2c39e90264f33305004495a9","hash":"8601c410315f585f801e81e47686d04376e17b71"}
,"C:\\Users\\gilma\\OneDrive\\Documentos\\ERICAS DOCS\\IMERSAO JS\\on25-ijs-test-drive-development-1\\atividades\\para-sala\\numeroPar.js": {"path":"C:\\Users\\gilma\\OneDrive\\Documentos\\ERICAS DOCS\\IMERSAO JS\\on25-ijs-test-drive-development-1\\atividades\\para-sala\\numeroPar.js","statementMap":{"0":{"start":{"line":2,"column":17},"end":{"line":2,"column":19}},"1":{"start":{"line":4,"column":4},"end":{"line":12,"column":5}},"2":{"start":{"line":5,"column":8},"end":{"line":5,"column":42}},"3":{"start":{"line":7,"column":8},"end":{"line":11,"column":9}},"4":{"start":{"line":8,"column":12},"end":{"line":8,"column":46}},"5":{"start":{"line":10,"column":12},"end":{"line":10,"column":48}},"6":{"start":{"line":14,"column":4},"end":{"line":14,"column":18}},"7":{"start":{"line":17,"column":0},"end":{"line":17,"column":32}}},"fnMap":{"0":{"name":"checkEvenNumber","decl":{"start":{"line":1,"column":9},"end":{"line":1,"column":24}},"loc":{"start":{"line":1,"column":29},"end":{"line":15,"column":1}},"line":1}},"branchMap":{"0":{"loc":{"start":{"line":4,"column":4},"end":{"line":12,"column":5}},"type":"if","locations":[{"start":{"line":4,"column":4},"end":{"line":12,"column":5}},{"start":{"line":6,"column":11},"end":{"line":12,"column":5}}],"line":4},"1":{"loc":{"start":{"line":7,"column":8},"end":{"line":11,"column":9}},"type":"if","locations":[{"start":{"line":7,"column":8},"end":{"line":11,"column":9}},{"start":{"line":9,"column":15},"end":{"line":11,"column":9}}],"line":7}},"s":{"0":3,"1":3,"2":1,"3":2,"4":1,"5":1,"6":3,"7":1},"f":{"0":3},"b":{"0":[1,2],"1":[1,1]},"_coverageSchema":"1a1c01bbd47fc00a2c39e90264f33305004495a9","hash":"b5098806750f56e4f717fdfdc1493e9295480129"}
}
