{"C:\\Users\\betaa\\Documents\\www\\reprograma\\on25-ijs-test-drive-development\\atividades\\para-casa\\roberta-amaro\\contaBancaria.js": {"path":"C:\\Users\\betaa\\Documents\\www\\reprograma\\on25-ijs-test-drive-development\\atividades\\para-casa\\roberta-amaro\\contaBancaria.js","statementMap":{"0":{"start":{"line":6,"column":20},"end":{"line":10,"column":1}},"1":{"start":{"line":12,"column":14},"end":{"line":12,"column":31}},"2":{"start":{"line":15,"column":2},"end":{"line":15,"column":31}},"3":{"start":{"line":16,"column":2},"end":{"line":16,"column":17}},"4":{"start":{"line":20,"column":2},"end":{"line":20,"column":17}},"5":{"start":{"line":23,"column":14},"end":{"line":23,"column":37}},"6":{"start":{"line":26,"column":2},"end":{"line":26,"column":30}},"7":{"start":{"line":28,"column":2},"end":{"line":28,"column":17}},"8":{"start":{"line":31,"column":0},"end":{"line":31,"column":57}}},"fnMap":{"0":{"name":"withdraw","decl":{"start":{"line":14,"column":9},"end":{"line":14,"column":17}},"loc":{"start":{"line":14,"column":28},"end":{"line":17,"column":1}},"line":14},"1":{"name":"totalBalance","decl":{"start":{"line":19,"column":9},"end":{"line":19,"column":21}},"loc":{"start":{"line":19,"column":31},"end":{"line":21,"column":1}},"line":19},"2":{"name":"makeDeposit","decl":{"start":{"line":25,"column":9},"end":{"line":25,"column":20}},"loc":{"start":{"line":25,"column":23},"end":{"line":29,"column":1}},"line":25}},"branchMap":{},"s":{"0":1,"1":1,"2":1,"3":1,"4":1,"5":1,"6":1,"7":1,"8":1},"f":{"0":1,"1":1,"2":1},"b":{},"_coverageSchema":"1a1c01bbd47fc00a2c39e90264f33305004495a9","hash":"a90199dc8659ac8153e7012ab9f1e429521be16a"}
,"C:\\Users\\betaa\\Documents\\www\\reprograma\\on25-ijs-test-drive-development\\atividades\\para-sala\\checarObjeto.js": {"path":"C:\\Users\\betaa\\Documents\\www\\reprograma\\on25-ijs-test-drive-development\\atividades\\para-sala\\checarObjeto.js","statementMap":{"0":{"start":{"line":2,"column":4},"end":{"line":4,"column":5}},"1":{"start":{"line":3,"column":8},"end":{"line":3,"column":18}},"2":{"start":{"line":6,"column":17},"end":{"line":6,"column":19}},"3":{"start":{"line":7,"column":4},"end":{"line":9,"column":5}},"4":{"start":{"line":8,"column":8},"end":{"line":8,"column":23}},"5":{"start":{"line":10,"column":4},"end":{"line":10,"column":16}},"6":{"start":{"line":13,"column":17},"end":{"line":13,"column":27}},"7":{"start":{"line":14,"column":4},"end":{"line":14,"column":61}},"8":{"start":{"line":17,"column":0},"end":{"line":17,"column":38}}},"fnMap":{"0":{"name":"allKeys","decl":{"start":{"line":1,"column":9},"end":{"line":1,"column":16}},"loc":{"start":{"line":1,"column":22},"end":{"line":11,"column":1}},"line":1},"1":{"name":"isObject","decl":{"start":{"line":12,"column":9},"end":{"line":12,"column":17}},"loc":{"start":{"line":12,"column":23},"end":{"line":15,"column":1}},"line":12}},"branchMap":{"0":{"loc":{"start":{"line":2,"column":4},"end":{"line":4,"column":5}},"type":"if","locations":[{"start":{"line":2,"column":4},"end":{"line":4,"column":5}},{"start":{},"end":{}}],"line":2},"1":{"loc":{"start":{"line":14,"column":11},"end":{"line":14,"column":60}},"type":"binary-expr","locations":[{"start":{"line":14,"column":11},"end":{"line":14,"column":30}},{"start":{"line":14,"column":34},"end":{"line":14,"column":51}},{"start":{"line":14,"column":55},"end":{"line":14,"column":60}}],"line":14}},"s":{"0":1,"1":0,"2":1,"3":1,"4":1,"5":1,"6":2,"7":2,"8":1},"f":{"0":1,"1":2},"b":{"0":[0,1],"1":[2,2,2]},"_coverageSchema":"1a1c01bbd47fc00a2c39e90264f33305004495a9","hash":"0dc7ef3c2176e6762e29e3ffb43a92ed10c4742a"}
,"C:\\Users\\betaa\\Documents\\www\\reprograma\\on25-ijs-test-drive-development\\atividades\\para-sala\\conversorTemp.js": {"path":"C:\\Users\\betaa\\Documents\\www\\reprograma\\on25-ijs-test-drive-development\\atividades\\para-sala\\conversorTemp.js","statementMap":{"0":{"start":{"line":2,"column":23},"end":{"line":2,"column":47}},"1":{"start":{"line":4,"column":4},"end":{"line":4,"column":23}},"2":{"start":{"line":8,"column":0},"end":{"line":8,"column":43}}},"fnMap":{"0":{"name":"convertCelsiusToFahrenheit","decl":{"start":{"line":1,"column":9},"end":{"line":1,"column":35}},"loc":{"start":{"line":1,"column":48},"end":{"line":5,"column":1}},"line":1}},"branchMap":{},"s":{"0":1,"1":1,"2":1},"f":{"0":1},"b":{},"_coverageSchema":"1a1c01bbd47fc00a2c39e90264f33305004495a9","hash":"2604df275c7b1f94710ff50278f1b5d97b5bba45"}
,"C:\\Users\\betaa\\Documents\\www\\reprograma\\on25-ijs-test-drive-development\\atividades\\para-sala\\generateCombinations.js": {"path":"C:\\Users\\betaa\\Documents\\www\\reprograma\\on25-ijs-test-drive-development\\atividades\\para-sala\\generateCombinations.js","statementMap":{"0":{"start":{"line":3,"column":18},"end":{"line":3,"column":20}},"1":{"start":{"line":4,"column":4},"end":{"line":7,"column":5}},"2":{"start":{"line":4,"column":17},"end":{"line":4,"column":18}},"3":{"start":{"line":4,"column":24},"end":{"line":4,"column":25}},"4":{"start":{"line":6,"column":8},"end":{"line":6,"column":40}},"5":{"start":{"line":8,"column":25},"end":{"line":8,"column":27}},"6":{"start":{"line":9,"column":15},"end":{"line":9,"column":17}},"7":{"start":{"line":10,"column":28},"end":{"line":10,"column":53}},"8":{"start":{"line":12,"column":4},"end":{"line":24,"column":5}},"9":{"start":{"line":12,"column":17},"end":{"line":12,"column":18}},"10":{"start":{"line":14,"column":8},"end":{"line":14,"column":18}},"11":{"start":{"line":15,"column":8},"end":{"line":19,"column":9}},"12":{"start":{"line":15,"column":21},"end":{"line":15,"column":22}},"13":{"start":{"line":16,"column":12},"end":{"line":18,"column":13}},"14":{"start":{"line":17,"column":16},"end":{"line":17,"column":33}},"15":{"start":{"line":20,"column":8},"end":{"line":23,"column":9}},"16":{"start":{"line":22,"column":12},"end":{"line":22,"column":36}},"17":{"start":{"line":26,"column":4},"end":{"line":26,"column":24}},"18":{"start":{"line":30,"column":0},"end":{"line":30,"column":37}}},"fnMap":{"0":{"name":"generateCombinations","decl":{"start":{"line":1,"column":9},"end":{"line":1,"column":29}},"loc":{"start":{"line":2,"column":0},"end":{"line":27,"column":1}},"line":2}},"branchMap":{"0":{"loc":{"start":{"line":16,"column":12},"end":{"line":18,"column":13}},"type":"if","locations":[{"start":{"line":16,"column":12},"end":{"line":18,"column":13}},{"start":{},"end":{}}],"line":16},"1":{"loc":{"start":{"line":20,"column":8},"end":{"line":23,"column":9}},"type":"if","locations":[{"start":{"line":20,"column":8},"end":{"line":23,"column":9}},{"start":{},"end":{}}],"line":20}},"s":{"0":1,"1":1,"2":1,"3":1,"4":3,"5":1,"6":1,"7":1,"8":1,"9":1,"10":8,"11":8,"12":8,"13":24,"14":12,"15":8,"16":7,"17":1,"18":1},"f":{"0":1},"b":{"0":[12,12],"1":[7,1]},"_coverageSchema":"1a1c01bbd47fc00a2c39e90264f33305004495a9","hash":"e449caaae13b75bb5d891432b2e5089c901786ed"}
,"C:\\Users\\betaa\\Documents\\www\\reprograma\\on25-ijs-test-drive-development\\atividades\\para-sala\\jokenpo.js": {"path":"C:\\Users\\betaa\\Documents\\www\\reprograma\\on25-ijs-test-drive-development\\atividades\\para-sala\\jokenpo.js","statementMap":{"0":{"start":{"line":3,"column":4},"end":{"line":5,"column":5}},"1":{"start":{"line":4,"column":8},"end":{"line":4,"column":25}},"2":{"start":{"line":7,"column":4},"end":{"line":11,"column":4}},"3":{"start":{"line":10,"column":6},"end":{"line":10,"column":33}},"4":{"start":{"line":13,"column":3},"end":{"line":13,"column":30}},"5":{"start":{"line":16,"column":0},"end":{"line":16,"column":24}}},"fnMap":{"0":{"name":"jokenpo","decl":{"start":{"line":1,"column":9},"end":{"line":1,"column":16}},"loc":{"start":{"line":1,"column":34},"end":{"line":14,"column":1}},"line":1}},"branchMap":{"0":{"loc":{"start":{"line":3,"column":4},"end":{"line":5,"column":5}},"type":"if","locations":[{"start":{"line":3,"column":4},"end":{"line":5,"column":5}},{"start":{},"end":{}}],"line":3},"1":{"loc":{"start":{"line":7,"column":4},"end":{"line":11,"column":4}},"type":"if","locations":[{"start":{"line":7,"column":4},"end":{"line":11,"column":4}},{"start":{},"end":{}}],"line":7},"2":{"loc":{"start":{"line":7,"column":8},"end":{"line":9,"column":57}},"type":"binary-expr","locations":[{"start":{"line":7,"column":9},"end":{"line":7,"column":28}},{"start":{"line":7,"column":32},"end":{"line":7,"column":51}},{"start":{"line":8,"column":12},"end":{"line":8,"column":31}},{"start":{"line":8,"column":35},"end":{"line":8,"column":56}},{"start":{"line":9,"column":12},"end":{"line":9,"column":33}},{"start":{"line":9,"column":37},"end":{"line":9,"column":56}}],"line":7}},"s":{"0":10,"1":2,"2":8,"3":6,"4":2,"5":2},"f":{"0":10},"b":{"0":[2,8],"1":[6,2],"2":[8,4,6,2,4,2]},"_coverageSchema":"1a1c01bbd47fc00a2c39e90264f33305004495a9","hash":"5a50e059ed7044bc6db5f885bdf4e55aa74ceab0"}
,"C:\\Users\\betaa\\Documents\\www\\reprograma\\on25-ijs-test-drive-development\\atividades\\para-sala\\TDD - atividades\\revertString.js": {"path":"C:\\Users\\betaa\\Documents\\www\\reprograma\\on25-ijs-test-drive-development\\atividades\\para-sala\\TDD - atividades\\revertString.js","statementMap":{"0":{"start":{"line":5,"column":13},"end":{"line":5,"column":15}},"1":{"start":{"line":6,"column":2},"end":{"line":6,"column":59}},"2":{"start":{"line":6,"column":15},"end":{"line":6,"column":29}},"3":{"start":{"line":6,"column":44},"end":{"line":6,"column":59}},"4":{"start":{"line":7,"column":2},"end":{"line":7,"column":14}},"5":{"start":{"line":10,"column":0},"end":{"line":10,"column":25}}},"fnMap":{"0":{"name":"reverse","decl":{"start":{"line":4,"column":9},"end":{"line":4,"column":16}},"loc":{"start":{"line":4,"column":22},"end":{"line":8,"column":1}},"line":4}},"branchMap":{},"s":{"0":2,"1":2,"2":2,"3":14,"4":2,"5":1},"f":{"0":2},"b":{},"_coverageSchema":"1a1c01bbd47fc00a2c39e90264f33305004495a9","hash":"2035930697b1809dce35cc6ba6d98d17ee3f5fc3"}
,"C:\\Users\\betaa\\Documents\\www\\reprograma\\on25-ijs-test-drive-development\\atividades\\para-sala\\TDD - atividades\\soma.js": {"path":"C:\\Users\\betaa\\Documents\\www\\reprograma\\on25-ijs-test-drive-development\\atividades\\para-sala\\TDD - atividades\\soma.js","statementMap":{"0":{"start":{"line":2,"column":2},"end":{"line":2,"column":21}},"1":{"start":{"line":5,"column":0},"end":{"line":5,"column":21}}},"fnMap":{"0":{"name":"sum","decl":{"start":{"line":1,"column":9},"end":{"line":1,"column":12}},"loc":{"start":{"line":1,"column":25},"end":{"line":3,"column":1}},"line":1}},"branchMap":{},"s":{"0":1,"1":1},"f":{"0":1},"b":{},"_coverageSchema":"1a1c01bbd47fc00a2c39e90264f33305004495a9","hash":"1ad21c434b1b67d8d91095337c39256824d1e7a6"}
}
