TN:
SF:atividades\para-casa\roberta-amaro\contaBancaria.js
FN:14,withdraw
FN:19,totalBalance
FN:25,makeDeposit
FNF:3
FNH:3
FNDA:1,withdraw
FNDA:1,totalBalance
FNDA:1,makeDeposit
DA:6,1
DA:12,1
DA:15,1
DA:16,1
DA:20,1
DA:23,1
DA:26,1
DA:28,1
DA:31,1
LF:9
LH:9
BRF:0
BRH:0
end_of_record
TN:
SF:atividades\para-sala\checarObjeto.js
FN:1,allKeys
FN:12,isObject
FNF:2
FNH:2
FNDA:1,allKeys
FNDA:2,isObject
DA:2,1
DA:3,0
DA:6,1
DA:7,1
DA:8,1
DA:10,1
DA:13,2
DA:14,2
DA:17,1
LF:9
LH:8
BRDA:2,0,0,0
BRDA:2,0,1,1
BRDA:14,1,0,2
BRDA:14,1,1,2
BRDA:14,1,2,2
BRF:5
BRH:4
end_of_record
TN:
SF:atividades\para-sala\conversorTemp.js
FN:1,convertCelsiusToFahrenheit
FNF:1
FNH:1
FNDA:1,convertCelsiusToFahrenheit
DA:2,1
DA:4,1
DA:8,1
LF:3
LH:3
BRF:0
BRH:0
end_of_record
TN:
SF:atividades\para-sala\generateCombinations.js
FN:1,generateCombinations
FNF:1
FNH:1
FNDA:1,generateCombinations
DA:3,1
DA:4,1
DA:6,3
DA:8,1
DA:9,1
DA:10,1
DA:12,1
DA:14,8
DA:15,8
DA:16,24
DA:17,12
DA:20,8
DA:22,7
DA:26,1
DA:30,1
LF:15
LH:15
BRDA:16,0,0,12
BRDA:16,0,1,12
BRDA:20,1,0,7
BRDA:20,1,1,1
BRF:4
BRH:4
end_of_record
TN:
SF:atividades\para-sala\jokenpo.js
FN:1,jokenpo
FNF:1
FNH:1
FNDA:10,jokenpo
DA:3,10
DA:4,2
DA:7,8
DA:10,6
DA:13,2
DA:16,2
LF:6
LH:6
BRDA:3,0,0,2
BRDA:3,0,1,8
BRDA:7,1,0,6
BRDA:7,1,1,2
BRDA:7,2,0,8
BRDA:7,2,1,4
BRDA:7,2,2,6
BRDA:7,2,3,2
BRDA:7,2,4,4
BRDA:7,2,5,2
BRF:10
BRH:10
end_of_record
TN:
SF:atividades\para-sala\TDD - atividades\revertString.js
FN:4,reverse
FNF:1
FNH:1
FNDA:2,reverse
DA:5,2
DA:6,14
DA:7,2
DA:10,1
LF:4
LH:4
BRF:0
BRH:0
end_of_record
TN:
SF:atividades\para-sala\TDD - atividades\soma.js
FN:1,sum
FNF:1
FNH:1
FNDA:1,sum
DA:2,1
DA:5,1
LF:2
LH:2
BRF:0
BRH:0
end_of_record
