TN:
SF:atividades\para-sala\conversorTemp.js
FN:1,convertCelsiusToFahrenheit
FNF:1
FNH:1
FNDA:1,convertCelsiusToFahrenheit
DA:2,1
DA:4,1
DA:7,1
LF:3
LH:3
BRF:0
BRH:0
end_of_record
TN:
SF:atividades\para-sala\jokenpo.js
FN:1,jokenpo
FNF:1
FNH:1
FNDA:5,jokenpo
DA:3,5
DA:4,1
DA:7,4
DA:10,3
DA:13,1
DA:16,1
LF:6
LH:6
BRDA:3,0,0,1
BRDA:3,0,1,4
BRDA:7,1,0,3
BRDA:7,1,1,1
BRDA:7,2,0,4
BRDA:7,2,1,2
BRDA:7,2,2,3
BRDA:7,2,3,1
BRDA:7,2,4,2
BRDA:7,2,5,1
BRF:10
BRH:10
end_of_record
TN:
SF:atividades\para-sala\numeroPar.js
FN:1,checkEvenNumber
FNF:1
FNH:1
FNDA:3,checkEvenNumber
DA:2,3
DA:4,3
DA:5,1
DA:7,2
DA:8,1
DA:10,1
DA:14,3
DA:17,1
LF:8
LH:8
BRDA:4,0,0,1
BRDA:4,0,1,2
BRDA:7,1,0,1
BRDA:7,1,1,1
BRF:4
BRH:4
end_of_record
